0 info it worked if it ends with ok
1 verbose cli [ '/usr/local/bin/node',
1 verbose cli   '/usr/local/bin/npm',
1 verbose cli   'install',
1 verbose cli   '-g',
1 verbose cli   'mupx' ]
2 info using npm@2.15.9
3 info using node@v4.5.0
4 verbose install initial load of /usr/local/lib/package.json
5 verbose readDependencies loading dependencies from /usr/local/lib/package.json
6 silly cache add args [ 'mupx', null ]
7 verbose cache add spec mupx
8 silly cache add parsed spec Result {
8 silly cache add   raw: 'mupx',
8 silly cache add   scope: null,
8 silly cache add   name: 'mupx',
8 silly cache add   rawSpec: '',
8 silly cache add   spec: 'latest',
8 silly cache add   type: 'tag' }
9 silly addNamed mupx@latest
10 verbose addNamed "latest" is being treated as a dist-tag for mupx
11 info addNameTag [ 'mupx', 'latest' ]
12 silly mapToRegistry name mupx
13 silly mapToRegistry using default registry
14 silly mapToRegistry registry https://registry.npmjs.org/
15 silly mapToRegistry data Result {
15 silly mapToRegistry   raw: 'mupx',
15 silly mapToRegistry   scope: null,
15 silly mapToRegistry   name: 'mupx',
15 silly mapToRegistry   rawSpec: '',
15 silly mapToRegistry   spec: 'latest',
15 silly mapToRegistry   type: 'tag' }
16 silly mapToRegistry uri https://registry.npmjs.org/mupx
17 verbose addNameTag registry:https://registry.npmjs.org/mupx not in flight; fetching
18 verbose request uri https://registry.npmjs.org/mupx
19 verbose request no auth needed
20 info attempt registry request try #1 at 10:31:24 AM
21 verbose request id 7cfba71f2348c3a4
22 verbose etag "9I1YXUIXOAP68DVGRPF8R83SC"
23 http request GET https://registry.npmjs.org/mupx
24 http 304 https://registry.npmjs.org/mupx
25 verbose headers { date: 'Tue, 13 Sep 2016 05:01:26 GMT',
25 verbose headers   via: '1.1 varnish',
25 verbose headers   'cache-control': 'max-age=300',
25 verbose headers   etag: '"9I1YXUIXOAP68DVGRPF8R83SC"',
25 verbose headers   age: '214',
25 verbose headers   connection: 'keep-alive',
25 verbose headers   'x-served-by': 'cache-sin6922-SIN',
25 verbose headers   'x-cache': 'HIT',
25 verbose headers   'x-cache-hits': '2',
25 verbose headers   'x-timer': 'S1473742886.178894,VS0,VE0',
25 verbose headers   vary: 'Accept-Encoding' }
26 silly get cb [ 304,
26 silly get   { date: 'Tue, 13 Sep 2016 05:01:26 GMT',
26 silly get     via: '1.1 varnish',
26 silly get     'cache-control': 'max-age=300',
26 silly get     etag: '"9I1YXUIXOAP68DVGRPF8R83SC"',
26 silly get     age: '214',
26 silly get     connection: 'keep-alive',
26 silly get     'x-served-by': 'cache-sin6922-SIN',
26 silly get     'x-cache': 'HIT',
26 silly get     'x-cache-hits': '2',
26 silly get     'x-timer': 'S1473742886.178894,VS0,VE0',
26 silly get     vary: 'Accept-Encoding' } ]
27 verbose etag https://registry.npmjs.org/mupx from cache
28 verbose get saving mupx to /Users/geomacmini/.npm/registry.npmjs.org/mupx/.cache.json
29 verbose correctMkdir /Users/geomacmini/.npm correctMkdir not in flight; initializing
30 silly addNameTag next cb for mupx with tag latest
31 silly addNamed mupx@1.5.3
32 verbose addNamed "1.5.3" is a plain semver version for mupx
33 silly cache afterAdd mupx@1.5.3
34 verbose afterAdd /Users/geomacmini/.npm/mupx/1.5.3/package/package.json not in flight; writing
35 verbose correctMkdir /Users/geomacmini/.npm correctMkdir not in flight; initializing
36 verbose afterAdd /Users/geomacmini/.npm/mupx/1.5.3/package/package.json written
37 silly install resolved [ { name: 'mupx',
37 silly install resolved     version: '1.5.3',
37 silly install resolved     description: 'Production Quality Meteor Deployments',
37 silly install resolved     dependencies:
37 silly install resolved      { async: '^0.9.0',
37 silly install resolved        cjson: '0.3.x',
37 silly install resolved        colors: '0.6.x',
37 silly install resolved        nodemiral: '^1.1.1',
37 silly install resolved        rimraf: '2.x.x',
37 silly install resolved        underscore: '1.7.0',
37 silly install resolved        uuid: '1.4.x',
37 silly install resolved        archiver: '0.14.x',
37 silly install resolved        'update-notifier': '0.4.x',
37 silly install resolved        minimist: '1.1.1' },
37 silly install resolved     bin: { mupx: './bin/mup' },
37 silly install resolved     author:
37 silly install resolved      { name: 'Arunoda Susiripala',
37 silly install resolved        email: 'arunoda.susiripala@gmail.com' },
37 silly install resolved     repository: { type: 'git', url: 'git://github.com/arunoda/meteor-up.git' },
37 silly install resolved     license: 'MIT',
37 silly install resolved     gitHead: 'e5c45821fcd3e69eb588a13c92a3785eaa1b1a47',
37 silly install resolved     bugs: { url: 'https://github.com/arunoda/meteor-up/issues' },
37 silly install resolved     homepage: 'https://github.com/arunoda/meteor-up',
37 silly install resolved     _id: 'mupx@1.5.3',
37 silly install resolved     scripts: {},
37 silly install resolved     _shasum: 'f2f37b0d276212c457f50e64c4b6184d3c2e3198',
37 silly install resolved     _from: 'mupx@latest',
37 silly install resolved     _npmVersion: '2.14.3',
37 silly install resolved     _nodeVersion: '4.1.0',
37 silly install resolved     _npmUser: { name: 'arunoda', email: 'arunoda.susiripala@gmail.com' },
37 silly install resolved     dist:
37 silly install resolved      { shasum: 'f2f37b0d276212c457f50e64c4b6184d3c2e3198',
37 silly install resolved        tarball: 'https://registry.npmjs.org/mupx/-/mupx-1.5.3.tgz' },
37 silly install resolved     maintainers: [ [Object] ],
37 silly install resolved     directories: {},
37 silly install resolved     _resolved: 'https://registry.npmjs.org/mupx/-/mupx-1.5.3.tgz',
37 silly install resolved     readme: 'ERROR: No README data found!' } ]
38 info install mupx@1.5.3 into /usr/local/lib
39 info installOne mupx@1.5.3
40 verbose installOne of mupx to /usr/local/lib not in flight; installing
41 verbose correctMkdir /Users/geomacmini/.npm/_locks correctMkdir not in flight; initializing
42 verbose lock using /Users/geomacmini/.npm/_locks/mupx-84ac75d4c3f80c3a.lock for /usr/local/lib/node_modules/mupx
43 silly install write writing mupx 1.5.3 to /usr/local/lib/node_modules/mupx
44 verbose unbuild lib/node_modules/mupx
45 silly gentlyRm /usr/local/lib/node_modules/mupx is being purged from base /usr/local
46 verbose gentlyRm don't care about contents; nuking /usr/local/lib/node_modules/mupx
47 verbose tar unpack /Users/geomacmini/.npm/mupx/1.5.3/package.tgz
48 verbose tar unpacking to /usr/local/lib/node_modules/mupx
49 silly gentlyRm /usr/local/lib/node_modules/mupx is being purged
50 verbose gentlyRm don't care about contents; nuking /usr/local/lib/node_modules/mupx
51 silly gunzTarPerm modes [ '755', '644' ]
52 error tar.unpack untar error /Users/geomacmini/.npm/mupx/1.5.3/package.tgz
53 verbose unlock done using /Users/geomacmini/.npm/_locks/mupx-84ac75d4c3f80c3a.lock for /usr/local/lib/node_modules/mupx
54 verbose fstream_path /usr/local/lib/node_modules/mupx
55 verbose fstream_type Directory
56 verbose fstream_class DirWriter
57 verbose stack Error: EACCES: permission denied, mkdir '/usr/local/lib/node_modules/mupx'
57 verbose stack     at Error (native)
58 verbose fstream_stack /usr/local/lib/node_modules/npm/node_modules/fstream/lib/dir-writer.js:35:25
58 verbose fstream_stack /usr/local/lib/node_modules/npm/node_modules/mkdirp/index.js:47:53
58 verbose fstream_stack FSReqWrap.oncomplete (fs.js:82:15)
59 verbose cwd /Users/geomacmini/Desktop/Soham Projects/wequ/project/ResultCapture
60 error Darwin 15.0.0
61 error argv "/usr/local/bin/node" "/usr/local/bin/npm" "install" "-g" "mupx"
62 error node v4.5.0
63 error npm  v2.15.9
64 error path /usr/local/lib/node_modules/mupx
65 error code EACCES
66 error errno -13
67 error syscall mkdir
68 error Error: EACCES: permission denied, mkdir '/usr/local/lib/node_modules/mupx'
68 error     at Error (native)
68 error  { [Error: EACCES: permission denied, mkdir '/usr/local/lib/node_modules/mupx']
68 error   errno: -13,
68 error   code: 'EACCES',
68 error   syscall: 'mkdir',
68 error   path: '/usr/local/lib/node_modules/mupx',
68 error   fstream_type: 'Directory',
68 error   fstream_path: '/usr/local/lib/node_modules/mupx',
68 error   fstream_class: 'DirWriter',
68 error   fstream_stack:
68 error    [ '/usr/local/lib/node_modules/npm/node_modules/fstream/lib/dir-writer.js:35:25',
68 error      '/usr/local/lib/node_modules/npm/node_modules/mkdirp/index.js:47:53',
68 error      'FSReqWrap.oncomplete (fs.js:82:15)' ] }
69 error Please try running this command again as root/Administrator.
70 verbose exit [ -13, true ]
71 verbose unbuild lib/node_modules/mupx
72 silly gentlyRm /usr/local/lib/node_modules/mupx is being purged from base /usr/local
73 verbose gentlyRm don't care about contents; nuking /usr/local/lib/node_modules/mupx
